09:21:41.978 [main] INFO  org.springframework.context.annotation.AnnotationConfigApplicationContext - Refreshing org.springframework.context.annotation.AnnotationConfigApplicationContext@33fe57a9: startup date [Mon Mar 30 09:21:41 CST 2020]; root of context hierarchy
09:21:42.143 [main] INFO  o.springframework.beans.factory.annotation.AutowiredAnnotationBeanPostProcessor - JSR-330 'javax.inject.Inject' annotation found and supported for autowiring
09:21:42.167 [main] INFO  o.s.context.support.PostProcessorRegistrationDelegate$BeanPostProcessorChecker - Bean 'configurationPropertiesRebinderAutoConfiguration' of type [org.springframework.cloud.autoconfigure.ConfigurationPropertiesRebinderAutoConfiguration$$EnhancerBySpringCGLIB$$3cbeb983] is not eligible for getting processed by all BeanPostProcessors (for example: not eligible for auto-proxying)
09:21:42.495 [main] INFO  com.ddz.VoiceFileApplication - The following profiles are active: datasource-dev
09:21:42.506 [main] INFO  o.s.boot.web.servlet.context.AnnotationConfigServletWebServerApplicationContext - Refreshing org.springframework.boot.web.servlet.context.AnnotationConfigServletWebServerApplicationContext@5a4ed68f: startup date [Mon Mar 30 09:21:42 CST 2020]; parent: org.springframework.context.annotation.AnnotationConfigApplicationContext@33fe57a9
09:21:42.946 [main] INFO  org.springframework.cloud.context.scope.GenericScope - BeanFactory id=08616ac0-a2fa-38b9-8cf5-fb495188f0e4
09:21:42.958 [main] INFO  o.springframework.beans.factory.annotation.AutowiredAnnotationBeanPostProcessor - JSR-330 'javax.inject.Inject' annotation found and supported for autowiring
09:21:43.031 [main] INFO  o.s.context.support.PostProcessorRegistrationDelegate$BeanPostProcessorChecker - Bean 'org.springframework.transaction.annotation.ProxyTransactionManagementConfiguration' of type [org.springframework.transaction.annotation.ProxyTransactionManagementConfiguration$$EnhancerBySpringCGLIB$$20a4b686] is not eligible for getting processed by all BeanPostProcessors (for example: not eligible for auto-proxying)
09:21:43.051 [main] INFO  o.s.context.support.PostProcessorRegistrationDelegate$BeanPostProcessorChecker - Bean 'org.springframework.cloud.autoconfigure.ConfigurationPropertiesRebinderAutoConfiguration' of type [org.springframework.cloud.autoconfigure.ConfigurationPropertiesRebinderAutoConfiguration$$EnhancerBySpringCGLIB$$3cbeb983] is not eligible for getting processed by all BeanPostProcessors (for example: not eligible for auto-proxying)
09:21:43.351 [main] INFO  org.springframework.boot.web.embedded.tomcat.TomcatWebServer - Tomcat initialized with port(s): 8763 (http)
09:21:43.369 [main] INFO  org.apache.coyote.http11.Http11NioProtocol - Initializing ProtocolHandler ["http-nio-8763"]
09:21:43.376 [main] INFO  org.apache.catalina.core.StandardService - Starting service [Tomcat]
09:21:43.377 [main] INFO  org.apache.catalina.core.StandardEngine - Starting Servlet Engine: Apache Tomcat/8.5.31
09:21:43.380 [localhost-startStop-1] INFO  org.apache.catalina.core.AprLifecycleListener - The APR based Apache Tomcat Native library which allows optimal performance in production environments was not found on the java.library.path: [C:\Program Files\Java\jdk1.8.0_181\bin;C:\WINDOWS\Sun\Java\bin;C:\WINDOWS\system32;C:\WINDOWS;C:\Program Files (x86)\NetSarang\Xshell 6\;C:\Program Files (x86)\Common Files\Oracle\Java\javapath;C:\Windows\system32;C:\Windows;C:\Windows\System32\Wbem;C:\Windows\System32\WindowsPowerShell\v1.0\;C:\Program Files (x86)\NVIDIA Corporation\PhysX\Common;C:\Program Files\Java\jdk1.8.0_181\bin;C:\Program Files\Java\jdk1.8.0_181\jre\bin;C:\WINDOWS\system32;C:\WINDOWS;C:\WINDOWS\System32\Wbem;C:\WINDOWS\System32\WindowsPowerShell\v1.0\;C:\WINDOWS\System32\OpenSSH\;C:\Program Files\Git\cmd;C:\Program Files\dotnet\;C:\Users\admin\AppData\Local\Microsoft\WindowsApps;;.]
09:21:43.506 [localhost-startStop-1] INFO  org.apache.catalina.core.ContainerBase.[Tomcat].[localhost].[/] - Initializing Spring embedded WebApplicationContext
09:21:43.507 [localhost-startStop-1] INFO  org.springframework.web.context.ContextLoader - Root WebApplicationContext: initialization completed in 1000 ms
09:21:43.608 [localhost-startStop-1] INFO  org.springframework.boot.web.servlet.ServletRegistrationBean - Servlet dispatcherServlet mapped to [/]
09:21:43.612 [localhost-startStop-1] INFO  org.springframework.boot.web.servlet.FilterRegistrationBean - Mapping filter: 'characterEncodingFilter' to: [/*]
09:21:43.612 [localhost-startStop-1] INFO  org.springframework.boot.web.servlet.FilterRegistrationBean - Mapping filter: 'hiddenHttpMethodFilter' to: [/*]
09:21:43.612 [localhost-startStop-1] INFO  org.springframework.boot.web.servlet.FilterRegistrationBean - Mapping filter: 'httpPutFormContentFilter' to: [/*]
09:21:43.612 [localhost-startStop-1] INFO  org.springframework.boot.web.servlet.FilterRegistrationBean - Mapping filter: 'requestContextFilter' to: [/*]
09:21:43.936 [main] WARN  com.netflix.config.sources.URLConfigurationSource - No URLs will be polled as dynamic configuration sources.
09:21:43.936 [main] INFO  com.netflix.config.sources.URLConfigurationSource - To enable URLs as dynamic configuration sources, define System property archaius.configurationSource.additionalUrls or make config.properties available on classpath.
09:21:43.939 [main] WARN  com.netflix.config.sources.URLConfigurationSource - No URLs will be polled as dynamic configuration sources.
09:21:43.939 [main] INFO  com.netflix.config.sources.URLConfigurationSource - To enable URLs as dynamic configuration sources, define System property archaius.configurationSource.additionalUrls or make config.properties available on classpath.
09:21:44.004 [main] INFO  org.springframework.web.servlet.handler.SimpleUrlHandlerMapping - Mapped URL path [/**/favicon.ico] onto handler of type [class org.springframework.web.servlet.resource.ResourceHttpRequestHandler]
09:21:44.163 [main] INFO  o.springframework.web.servlet.mvc.method.annotation.RequestMappingHandlerAdapter - Looking for @ControllerAdvice: org.springframework.boot.web.servlet.context.AnnotationConfigServletWebServerApplicationContext@5a4ed68f: startup date [Mon Mar 30 09:21:42 CST 2020]; parent: org.springframework.context.annotation.AnnotationConfigApplicationContext@33fe57a9
09:21:44.206 [main] INFO  o.springframework.web.servlet.mvc.method.annotation.RequestMappingHandlerMapping - Mapped "{[/file/discern],methods=[POST],produces=[application/json;charset=utf-8]}" onto public com.ddz.utils.base.R com.ddz.controller.FileController.discern(javax.servlet.http.HttpServletRequest,org.springframework.web.multipart.MultipartFile) throws java.lang.IllegalStateException,java.io.IOException
09:21:44.208 [main] INFO  o.springframework.web.servlet.mvc.method.annotation.RequestMappingHandlerMapping - Mapped "{[/error]}" onto public org.springframework.http.ResponseEntity<java.util.Map<java.lang.String, java.lang.Object>> org.springframework.boot.autoconfigure.web.servlet.error.BasicErrorController.error(javax.servlet.http.HttpServletRequest)
09:21:44.208 [main] INFO  o.springframework.web.servlet.mvc.method.annotation.RequestMappingHandlerMapping - Mapped "{[/error],produces=[text/html]}" onto public org.springframework.web.servlet.ModelAndView org.springframework.boot.autoconfigure.web.servlet.error.BasicErrorController.errorHtml(javax.servlet.http.HttpServletRequest,javax.servlet.http.HttpServletResponse)
09:21:44.231 [main] INFO  org.springframework.web.servlet.handler.SimpleUrlHandlerMapping - Mapped URL path [/webjars/**] onto handler of type [class org.springframework.web.servlet.resource.ResourceHttpRequestHandler]
09:21:44.232 [main] INFO  org.springframework.web.servlet.handler.SimpleUrlHandlerMapping - Mapped URL path [/**] onto handler of type [class org.springframework.web.servlet.resource.ResourceHttpRequestHandler]
09:21:44.989 [main] INFO  org.springframework.jmx.export.annotation.AnnotationMBeanExporter - Registering beans for JMX exposure on startup
09:21:44.990 [main] INFO  org.springframework.jmx.export.annotation.AnnotationMBeanExporter - Bean with name 'dataSource' has been autodetected for JMX exposure
09:21:44.995 [main] INFO  org.springframework.jmx.export.annotation.AnnotationMBeanExporter - Bean with name 'refreshScope' has been autodetected for JMX exposure
09:21:44.996 [main] INFO  org.springframework.jmx.export.annotation.AnnotationMBeanExporter - Bean with name 'configurationPropertiesRebinder' has been autodetected for JMX exposure
09:21:44.996 [main] INFO  org.springframework.jmx.export.annotation.AnnotationMBeanExporter - Bean with name 'environmentManager' has been autodetected for JMX exposure
09:21:44.998 [main] INFO  org.springframework.jmx.export.annotation.AnnotationMBeanExporter - Located managed bean 'environmentManager': registering with JMX server as MBean [org.springframework.cloud.context.environment:name=environmentManager,type=EnvironmentManager]
09:21:45.006 [main] INFO  org.springframework.jmx.export.annotation.AnnotationMBeanExporter - Located managed bean 'refreshScope': registering with JMX server as MBean [org.springframework.cloud.context.scope.refresh:name=refreshScope,type=RefreshScope]
09:21:45.015 [main] INFO  org.springframework.jmx.export.annotation.AnnotationMBeanExporter - Located managed bean 'configurationPropertiesRebinder': registering with JMX server as MBean [org.springframework.cloud.context.properties:name=configurationPropertiesRebinder,context=5a4ed68f,type=ConfigurationPropertiesRebinder]
09:21:45.020 [main] INFO  org.springframework.jmx.export.annotation.AnnotationMBeanExporter - Located MBean 'dataSource': registering with JMX server as MBean [com.alibaba.druid.pool:name=dataSource,type=DruidDataSource]
09:21:45.025 [main] INFO  org.springframework.context.support.DefaultLifecycleProcessor - Starting beans in phase 0
09:21:45.031 [main] INFO  org.springframework.cloud.netflix.eureka.InstanceInfoFactory - Setting initial instance status as: STARTING
09:21:45.059 [main] INFO  com.netflix.discovery.DiscoveryClient - Initializing Eureka in region us-east-1
09:21:45.294 [main] INFO  com.netflix.discovery.provider.DiscoveryJerseyProvider - Using JSON encoding codec LegacyJacksonJson
09:21:45.294 [main] INFO  com.netflix.discovery.provider.DiscoveryJerseyProvider - Using JSON decoding codec LegacyJacksonJson
09:21:45.368 [main] INFO  com.netflix.discovery.provider.DiscoveryJerseyProvider - Using XML encoding codec XStreamXml
09:21:45.368 [main] INFO  com.netflix.discovery.provider.DiscoveryJerseyProvider - Using XML decoding codec XStreamXml
09:21:45.549 [main] INFO  com.netflix.discovery.shared.resolver.aws.ConfigClusterResolver - Resolving eureka endpoints via configuration
09:21:45.665 [main] INFO  com.netflix.discovery.DiscoveryClient - Disable delta property : false
09:21:45.665 [main] INFO  com.netflix.discovery.DiscoveryClient - Single vip registry refresh property : null
09:21:45.665 [main] INFO  com.netflix.discovery.DiscoveryClient - Force full registry fetch : false
09:21:45.665 [main] INFO  com.netflix.discovery.DiscoveryClient - Application is null : false
09:21:45.665 [main] INFO  com.netflix.discovery.DiscoveryClient - Registered Applications size is zero : true
09:21:45.665 [main] INFO  com.netflix.discovery.DiscoveryClient - Application version is -1: true
09:21:45.665 [main] INFO  com.netflix.discovery.DiscoveryClient - Getting all instance registry info from the eureka server
09:21:45.777 [main] INFO  com.netflix.discovery.DiscoveryClient - The response status is 200
09:21:45.780 [main] INFO  com.netflix.discovery.DiscoveryClient - Starting heartbeat executor: renew interval is: 30
09:21:45.781 [main] INFO  com.netflix.discovery.InstanceInfoReplicator - InstanceInfoReplicator onDemand update allowed rate per min is 4
09:21:45.783 [main] INFO  com.netflix.discovery.DiscoveryClient - Discovery Client initialized at timestamp 1585531305783 with initial instances count: 1
09:21:45.787 [main] INFO  org.springframework.cloud.netflix.eureka.serviceregistry.EurekaServiceRegistry - Registering application voice-file with eureka with status UP
09:21:45.787 [main] INFO  com.netflix.discovery.DiscoveryClient - Saw local status change event StatusChangeEvent [timestamp=1585531305787, current=UP, previous=STARTING]
09:21:45.789 [DiscoveryClient-InstanceInfoReplicator-0] INFO  com.netflix.discovery.DiscoveryClient - DiscoveryClient_VOICE-FILE/192.168.0.106:voice-file:8763: registering service...
09:21:45.799 [main] INFO  org.apache.coyote.http11.Http11NioProtocol - Starting ProtocolHandler ["http-nio-8763"]
09:21:45.807 [main] INFO  org.apache.tomcat.util.net.NioSelectorPool - Using a shared selector for servlet write/read
09:21:45.818 [DiscoveryClient-InstanceInfoReplicator-0] INFO  com.netflix.discovery.DiscoveryClient - DiscoveryClient_VOICE-FILE/192.168.0.106:voice-file:8763 - registration status: 204
09:21:45.821 [main] INFO  org.springframework.boot.web.embedded.tomcat.TomcatWebServer - Tomcat started on port(s): 8763 (http) with context path ''
09:21:45.822 [main] INFO  o.s.cloud.netflix.eureka.serviceregistry.EurekaAutoServiceRegistration - Updating port to 8763
09:21:45.823 [main] INFO  com.ddz.VoiceFileApplication - Started VoiceFileApplication in 4.336 seconds (JVM running for 5.046)
09:26:45.668 [AsyncResolver-bootstrap-executor-0] INFO  com.netflix.discovery.shared.resolver.aws.ConfigClusterResolver - Resolving eureka endpoints via configuration
09:30:29.776 [http-nio-8763-exec-1] INFO  org.apache.catalina.core.ContainerBase.[Tomcat].[localhost].[/] - Initializing Spring FrameworkServlet 'dispatcherServlet'
09:30:29.776 [http-nio-8763-exec-1] INFO  org.springframework.web.servlet.DispatcherServlet - FrameworkServlet 'dispatcherServlet': initialization started
09:30:29.790 [http-nio-8763-exec-1] INFO  org.springframework.web.servlet.DispatcherServlet - FrameworkServlet 'dispatcherServlet': initialization completed in 14 ms
09:30:29.828 [http-nio-8763-exec-1] DEBUG com.ddz.controller.FileController - size:[46656]
09:30:29.851 [http-nio-8763-exec-1] DEBUG com.ddz.controller.FileController - 1585531829851
09:30:29.851 [http-nio-8763-exec-1] DEBUG com.ddz.controller.FileController - realpath:[E:\Liang\files\voice\mp3\2020-03-30/test-20200330093029985.mp3],pcmFilePath:[E:\Liang\files/voice//pcm/2020-03-30/test-20200330093029985.pcm]
09:30:29.932 [http-nio-8763-exec-1] DEBUG com.ddz.controller.FileController - 81ms--true
09:30:31.859 [http-nio-8763-exec-1] DEBUG com.ddz.controller.FileController - retVoiceStr:{"err_msg":"speech quality error.","sn":"549493008161585531830","err_no":3301}
09:30:45.717 [http-nio-8763-exec-2] DEBUG com.ddz.controller.FileController - size:[32400]
09:30:45.719 [http-nio-8763-exec-2] DEBUG com.ddz.controller.FileController - 1585531845719
09:30:45.719 [http-nio-8763-exec-2] DEBUG com.ddz.controller.FileController - realpath:[E:\Liang\files\voice\mp3\2020-03-30/test-20200330093045985.mp3],pcmFilePath:[E:\Liang\files/voice//pcm/2020-03-30/test-20200330093045985.pcm]
09:30:45.732 [http-nio-8763-exec-2] DEBUG com.ddz.controller.FileController - 13ms--true
09:30:45.835 [http-nio-8763-exec-2] DEBUG com.ddz.controller.FileController - retVoiceStr:{"err_msg":"speech quality error.","sn":"2899180111585531844","err_no":3301}
09:31:08.741 [http-nio-8763-exec-3] DEBUG com.ddz.controller.FileController - size:[68256]
09:31:08.766 [http-nio-8763-exec-3] DEBUG com.ddz.controller.FileController - 1585531868766
09:31:08.766 [http-nio-8763-exec-3] DEBUG com.ddz.controller.FileController - realpath:[E:\Liang\files\voice\mp3\2020-03-30/test-20200330093108985.mp3],pcmFilePath:[E:\Liang\files/voice//pcm/2020-03-30/test-20200330093108985.pcm]
09:31:08.789 [http-nio-8763-exec-3] DEBUG com.ddz.controller.FileController - 23ms--true
09:31:09.195 [http-nio-8763-exec-3] DEBUG com.ddz.controller.FileController - retVoiceStr:{"result":["电视剧毕业本身已经有好玩好玩。"],"err_msg":"success.","sn":"167489980191585531867","corpus_no":"6809807521106271123","err_no":0}
09:31:45.669 [AsyncResolver-bootstrap-executor-0] INFO  com.netflix.discovery.shared.resolver.aws.ConfigClusterResolver - Resolving eureka endpoints via configuration
09:36:45.671 [AsyncResolver-bootstrap-executor-0] INFO  com.netflix.discovery.shared.resolver.aws.ConfigClusterResolver - Resolving eureka endpoints via configuration
09:41:45.672 [AsyncResolver-bootstrap-executor-0] INFO  com.netflix.discovery.shared.resolver.aws.ConfigClusterResolver - Resolving eureka endpoints via configuration
09:46:45.674 [AsyncResolver-bootstrap-executor-0] INFO  com.netflix.discovery.shared.resolver.aws.ConfigClusterResolver - Resolving eureka endpoints via configuration
09:51:45.675 [AsyncResolver-bootstrap-executor-0] INFO  com.netflix.discovery.shared.resolver.aws.ConfigClusterResolver - Resolving eureka endpoints via configuration
